  Performing Custom Build Tools
LSystem.h(62): warning 362: operator= ignored
LSystem.h(73): warning 325: Nested class not currently supported (Turtle ignored)
vec.h(89): warning 362: operator= ignored
vec.h(94): warning 389: operator[] ignored (consider using %extend)
vec.h(95): warning 389: operator[] ignored (consider using %extend)
vec.h(137): warning 362: operator= ignored
vec.h(142): warning 389: operator[] ignored (consider using %extend)
vec.h(143): warning 389: operator[] ignored (consider using %extend)
vec.h(193): warning 362: operator= ignored
vec.h(194): warning 389: operator[] ignored (consider using %extend)
vec.h(195): warning 389: operator[] ignored (consider using %extend)
matrix.h(229): warning 362: operator= ignored
matrix.h(310): warning 325: Nested struct not currently supported (base_mat ignored)
matrix.h(708): warning 361: operator! ignored
LSystem.i(14): warning 453: Can't apply (std::vector< std::vector< float > > &INOUT). No typemaps are defined.
vec.h(103): warning 503: Can't wrap 'operator -' unless renamed to a valid identifier.
vec.h(104): warning 503: Can't wrap 'operator +' unless renamed to a valid identifier.
vec.h(105): warning 503: Can't wrap 'operator -' unless renamed to a valid identifier.
vec.h(106): warning 503: Can't wrap 'operator *' unless renamed to a valid identifier.
vec.h(107): warning 503: Can't wrap 'operator *' unless renamed to a valid identifier.
vec.h(108): warning 503: Can't wrap 'operator *' unless renamed to a valid identifier.
vec.h(109): warning 503: Can't wrap 'operator /' unless renamed to a valid identifier.
vec.h(110): warning 503: Can't wrap 'operator ^' unless renamed to a valid identifier.
vec.h(111): warning 503: Can't wrap 'operator ==' unless renamed to a valid identifier.
vec.h(112): warning 503: Can't wrap 'operator !=' unless renamed to a valid identifier.
vec.h(153): warning 503: Can't wrap 'operator -' unless renamed to a valid identifier.
vec.h(154): warning 503: Can't wrap 'operator +' unless renamed to a valid identifier.
vec.h(155): warning 503: Can't wrap 'operator -' unless renamed to a valid identifier.
vec.h(156): warning 503: Can't wrap 'operator *' unless renamed to a valid identifier.
vec.h(157): warning 503: Can't wrap 'operator *' unless renamed to a valid identifier.
vec.h(158): warning 503: Can't wrap 'operator *' unless renamed to a valid identifier.
vec.h(159): warning 503: Can't wrap 'operator /' unless renamed to a valid identifier.
vec.h(160): warning 503: Can't wrap 'operator ^' unless renamed to a valid identifier.
vec.h(161): warning 503: Can't wrap 'operator ==' unless renamed to a valid identifier.
vec.h(162): warning 503: Can't wrap 'operator !=' unless renamed to a valid identifier.
vec.h(179): warning 503: Can't wrap 'operator <<' unless renamed to a valid identifier.
vec.h(199): warning 503: Can't wrap 'operator -' unless renamed to a valid identifier.
vec.h(200): warning 503: Can't wrap 'operator +' unless renamed to a valid identifier.
vec.h(201): warning 503: Can't wrap 'operator -' unless renamed to a valid identifier.
vec.h(202): warning 503: Can't wrap 'operator *' unless renamed to a valid identifier.
vec.h(203): warning 503: Can't wrap 'operator *' unless renamed to a valid identifier.
vec.h(204): warning 503: Can't wrap 'operator *' unless renamed to a valid identifier.
  LSystem_wrap.cxx
d:\yihua\software\python-2.7.6\include\pymath.h(22): warning C4273: 'round': inconsistent dll linkage
  C:\Program Files (x86)\Windows Kits\10\Include\10.0.10240.0\ucrt\math.h(521): note: see previous definition of 'round'
C:\Program Files (x86)\Microsoft Visual Studio 14.0\VC\include\xtgmath.h(208): warning C4273: 'round': inconsistent dll linkage
  C:\Program Files (x86)\Windows Kits\10\Include\10.0.10240.0\ucrt\math.h(521): note: see previous definition of 'round'
c:\users\yihua\desktop\hw3_basecode\matrix.h(236): warning C4290: C++ exception specification ignored except to indicate a function is not __declspec(nothrow)
  c:\users\yihua\desktop\hw3_basecode\matrix.h(316): note: see reference to class template instantiation 'math::matrix<T>' being compiled
c:\users\yihua\desktop\hw3_basecode\matrix.h(237): warning C4290: C++ exception specification ignored except to indicate a function is not __declspec(nothrow)
c:\users\yihua\desktop\hw3_basecode\matrix.h(244): warning C4290: C++ exception specification ignored except to indicate a function is not __declspec(nothrow)
c:\users\yihua\desktop\hw3_basecode\matrix.h(245): warning C4290: C++ exception specification ignored except to indicate a function is not __declspec(nothrow)
c:\users\yihua\desktop\hw3_basecode\matrix.h(246): warning C4290: C++ exception specification ignored except to indicate a function is not __declspec(nothrow)
c:\users\yihua\desktop\hw3_basecode\matrix.h(249): warning C4290: C++ exception specification ignored except to indicate a function is not __declspec(nothrow)
c:\users\yihua\desktop\hw3_basecode\matrix.h(260): warning C4290: C++ exception specification ignored except to indicate a function is not __declspec(nothrow)
c:\users\yihua\desktop\hw3_basecode\matrix.h(261): warning C4290: C++ exception specification ignored except to indicate a function is not __declspec(nothrow)
c:\users\yihua\desktop\hw3_basecode\matrix.h(262): warning C4290: C++ exception specification ignored except to indicate a function is not __declspec(nothrow)
c:\users\yihua\desktop\hw3_basecode\matrix.h(263): warning C4290: C++ exception specification ignored except to indicate a function is not __declspec(nothrow)
c:\users\yihua\desktop\hw3_basecode\matrix.h(264): warning C4290: C++ exception specification ignored except to indicate a function is not __declspec(nothrow)
c:\users\yihua\desktop\hw3_basecode\matrix.h(266): warning C4290: C++ exception specification ignored except to indicate a function is not __declspec(nothrow)
c:\users\yihua\desktop\hw3_basecode\matrix.h(447): warning C4290: C++ exception specification ignored except to indicate a function is not __declspec(nothrow)
c:\users\yihua\desktop\hw3_basecode\matrix.h(457): warning C4290: C++ exception specification ignored except to indicate a function is not __declspec(nothrow)
c:\users\yihua\desktop\hw3_basecode\matrix.h(519): warning C4290: C++ exception specification ignored except to indicate a function is not __declspec(nothrow)
c:\users\yihua\desktop\hw3_basecode\matrix.h(532): warning C4290: C++ exception specification ignored except to indicate a function is not __declspec(nothrow)
c:\users\yihua\desktop\hw3_basecode\matrix.h(556): warning C4290: C++ exception specification ignored except to indicate a function is not __declspec(nothrow)
c:\users\yihua\desktop\hw3_basecode\matrix.h(589): warning C4290: C++ exception specification ignored except to indicate a function is not __declspec(nothrow)
c:\users\yihua\desktop\hw3_basecode\matrix.h(614): warning C4290: C++ exception specification ignored except to indicate a function is not __declspec(nothrow)
c:\users\yihua\desktop\hw3_basecode\matrix.h(623): warning C4290: C++ exception specification ignored except to indicate a function is not __declspec(nothrow)
c:\users\yihua\desktop\hw3_basecode\matrix.h(649): warning C4290: C++ exception specification ignored except to indicate a function is not __declspec(nothrow)
c:\users\yihua\desktop\hw3_basecode\matrix.h(666): warning C4290: C++ exception specification ignored except to indicate a function is not __declspec(nothrow)
c:\users\yihua\desktop\hw3_basecode\matrix.h(673): warning C4290: C++ exception specification ignored except to indicate a function is not __declspec(nothrow)
c:\users\yihua\desktop\hw3_basecode\matrix.h(680): warning C4290: C++ exception specification ignored except to indicate a function is not __declspec(nothrow)
c:\users\yihua\desktop\hw3_basecode\matrix.h(704): warning C4290: C++ exception specification ignored except to indicate a function is not __declspec(nothrow)
c:\users\yihua\desktop\hw3_basecode\matrix.h(712): warning C4290: C++ exception specification ignored except to indicate a function is not __declspec(nothrow)
c:\users\yihua\desktop\hw3_basecode\matrix.h(759): warning C4290: C++ exception specification ignored except to indicate a function is not __declspec(nothrow)
c:\users\yihua\desktop\hw3_basecode\matrix.h(888): warning C4290: C++ exception specification ignored except to indicate a function is not __declspec(nothrow)
c:\users\yihua\desktop\hw3_basecode\matrix.h(941): warning C4290: C++ exception specification ignored except to indicate a function is not __declspec(nothrow)
c:\users\yihua\desktop\hw3_basecode\matrix.h(975): warning C4290: C++ exception specification ignored except to indicate a function is not __declspec(nothrow)
c:\users\yihua\desktop\hw3_basecode\matrix.h(990): warning C4290: C++ exception specification ignored except to indicate a function is not __declspec(nothrow)
c:\users\yihua\desktop\hw3_basecode\matrix.h(1165): warning C4290: C++ exception specification ignored except to indicate a function is not __declspec(nothrow)
c:\users\yihua\desktop\hw3_basecode\matrix.h(1173): warning C4290: C++ exception specification ignored except to indicate a function is not __declspec(nothrow)
LINK : warning LNK4075: ignoring '/INCREMENTAL' due to '/OPT:ICF' specification
     Creating library C:\Users\yihua\Desktop\HW3_basecode\\bin\_LSystem.lib and object C:\Users\yihua\Desktop\HW3_basecode\\bin\_LSystem.exp
  LSystem.vcxproj -> C:\Users\yihua\Desktop\HW3_basecode\\bin\_LSystem.pyd
  LSystem.vcxproj -> C:\Users\yihua\Desktop\HW3_basecode\\bin\_LSystem.pdb (Full PDB)
